<?xml version="1.0" encoding="UTF-8"?>
<!-- Generated by org.testng.reporters.JUnitReportReporter -->
<testsuite hostname="DESKTOP-GJ4UIKH" failures="0" tests="1" name="TestCases.VerifySignup" time="35.362" errors="0" timestamp="2022-07-12T19:44:59 IST" skipped="0">
  <testcase classname="TestCases.VerifySignup" name="signUp" time="35.362"/>
  <system-out/>
</testsuite> <!-- TestCases.VerifySignup -->
